{
  "0 debug pnpm:scope": {
    "selected": 1
  },
  "1 info pnpm": {
    "err": {
      "name": "Error",
      "message": "not found: instll",
      "code": "ENOENT",
      "stack": "Error: not found: instll\n    at getNotFoundError (/usr/lib/node_modules/pnpm/dist/pnpm.cjs:41575:51)\n    at Function.whichSync [as sync] (/usr/lib/node_modules/pnpm/dist/pnpm.cjs:41652:13)\n    at getCommandAbsolutePathSync (/usr/lib/node_modules/pnpm/dist/pnpm.cjs:43217:44)\n    at default_1 (/usr/lib/node_modules/pnpm/dist/pnpm.cjs:43226:32)\n    at /usr/lib/node_modules/pnpm/dist/pnpm.cjs:181018:39"
    }
  },
  "2 error pnpm": {
    "code": "ERR_PNPM_RECURSIVE_EXEC_FIRST_FAIL",
    "prefix": "/home/navin/Docs/nextjs/analytics_test",
    "err": {
      "name": "pnpm",
      "message": "not found: instll",
      "code": "ERR_PNPM_RECURSIVE_EXEC_FIRST_FAIL",
      "stack": "Error: not found: instll\n    at getNotFoundError (/usr/lib/node_modules/pnpm/dist/pnpm.cjs:41575:51)\n    at Function.whichSync [as sync] (/usr/lib/node_modules/pnpm/dist/pnpm.cjs:41652:13)\n    at getCommandAbsolutePathSync (/usr/lib/node_modules/pnpm/dist/pnpm.cjs:43217:44)\n    at default_1 (/usr/lib/node_modules/pnpm/dist/pnpm.cjs:43226:32)\n    at /usr/lib/node_modules/pnpm/dist/pnpm.cjs:181018:39"
    }
  }
}